Arguments: 
  /snap/node/7268/bin/node /usr/share/yarn/bin/yarn.js

PATH: 
  /home/guilherme/.bun/bin:/home/guilherme/.bun/bin:/usr/local/sbin:/usr/local/bin:/usr/sbin:/usr/bin:/sbin:/bin:/usr/games:/usr/local/games:/snap/bin:/snap/bin

Yarn version: 
  1.22.19

Node version: 
  18.15.0

Platform: 
  linux x64

Trace: 
  Error: https://registry.yarnpkg.com/@fastify%2fcors: ETIMEDOUT
      at Timeout._onTimeout (/usr/share/yarn/lib/cli.js:141550:19)
      at listOnTimeout (node:internal/timers:569:17)
      at process.processTimers (node:internal/timers:512:7)

npm manifest: 
  {
    "name": "marketer-api",
    "version": "1.0.0",
    "description": "",
    "main": "index.js",
    "scripts": {
      "build": "npx tsc",
      "dev": "npx tsx ./src/v1/www/server.ts",
      "start": "node ./bin/v1/www/server.js",
      "generate": "npx prisma generate --schema=./database/prisma/schema.prisma",
      "pull-db": "npx prisma db pull --schema=./database/prisma/schema.prisma"
    },
    "devDependencies": {
      "@types/axios": "^0.14.0",
      "@types/node": "^18.14.6",
      "@typescript-eslint/eslint-plugin": "^5.51.0",
      "@typescript-eslint/parser": "^5.42.0",
      "eslint": "^8.33.0",
      "eslint-config-airbnb": "^19 .0.4",
      "eslint-plugin-import": "^2.27.5",
      "typescript": "^4.9.5"
    },
    "dependencies": {
      "@fastify/cors": "^8.2.0",
      "@fastify/jwt": "^6.5.0",
      "@fastify/multipart": "^7.4.1",
      "@prisma/client": "^4.10.0",
      "axios": "^1.3.4",
      "fastify": "^4.13.0",
      "firebase-admin": "^11.5.0",
      "geolib": "^3.3.3",
      "prisma": "^4.10.0",
      "tsx": "^3.12.3",
      "zod": "^3.21.4"
    },
    "keywords": [],
    "author": "",
    "license": "ISC"
  }

yarn manifest: 
  No manifest

Lockfile: 
  No lockfile
